# JRE version: OpenJDK Runtime Environment Temurin-21.0.12.1+1 (21.0.12.1+1) (build 21.0.12.1+1-LTS)
# Java VM: OpenJDK 64-Bit Server VM Temurin-21.0.12.1+1 (21.0.12.1+1-LTS, mixed mode, sharing, tiered, compressed oops, compressed class ptrs, parallel gc, windows-amd64)
GC Precious Log:
 CardTable entry size: 512
 CPUs: 8 total, 8 available
 Memory: 7937M
 Large Page Support: Disabled
 NUMA Support: Disabled
 Compressed Oops: Enabled (32-bit)
 Alignments: Space 512K, Generation 512K, Heap 2M
 Heap Min Capacity: 100M
 Heap Initial Capacity: 100M
 Heap Max Capacity: 2G
 Pre-touch: Disabled
 Parallel Workers: 8
Heap:
 PSYoungGen      total 20992K, used 9179K [0x00000000d5580000, 0x00000000d7080000, 0x0000000100000000)
  eden space 19456K, 39% used [0x00000000d5580000,0x00000000d5cfa750,0x00000000d6880000)
  from space 1536K, 99% used [0x00000000d6880000,0x00000000d69fc880,0x00000000d6a00000)
  to   space 4096K, 0% used [0x00000000d6c80000,0x00000000d6c80000,0x00000000d7080000)
 ParOldGen       total 78336K, used 78252K [0x0000000080000000, 0x0000000084c80000, 0x00000000d5580000)
  object space 78336K, 99% used [0x0000000080000000,0x0000000084c6b190,0x0000000084c80000)
 Metaspace       used 67889K, committed 69376K, reserved 1114112K
  class space    used 7239K, committed 7872K, reserved 1048576K
GC Heap History (20 events):
Event: 36.186 GC heap before
{Heap before GC invocations=65 (full 3):
 PSYoungGen      total 19968K, used 19944K [0x00000000d5580000, 0x00000000d6a00000, 0x0000000100000000)
  eden space 19456K, 100% used [0x00000000d5580000,0x00000000d6880000,0x00000000d6880000)
  from space 512K, 95% used [0x00000000d6900000,0x00000000d697a368,0x00000000d6980000)
  to   space 512K, 0% used [0x00000000d6980000,0x00000000d6980000,0x00000000d6a00000)
 ParOldGen       total 71680K, used 71653K [0x0000000080000000, 0x0000000084600000, 0x00000000d5580000)
  object space 71680K, 99% used [0x0000000080000000,0x00000000845f9760,0x0000000084600000)
 Metaspace       used 64543K, committed 65984K, reserved 1114112K
  class space    used 6949K, committed 7552K, reserved 1048576K
}
Event: 36.187 GC heap after
{Heap after GC invocations=65 (full 3):
 PSYoungGen      total 19968K, used 416K [0x00000000d5580000, 0x00000000d6a00000, 0x0000000100000000)
  eden space 19456K, 0% used [0x00000000d5580000,0x00000000d5580000,0x00000000d6880000)
  from space 512K, 81% used [0x00000000d6980000,0x00000000d69e8000,0x00000000d6a00000)
  to   space 512K, 0% used [0x00000000d6900000,0x00000000d6900000,0x00000000d6980000)
 ParOldGen       total 72192K, used 72035K [0x0000000080000000, 0x0000000084680000, 0x00000000d5580000)
  object space 72192K, 99% used [0x0000000080000000,0x0000000084658f58,0x0000000084680000)
 Metaspace       used 64543K, committed 65984K, reserved 1114112K
  class space    used 6949K, committed 7552K, reserved 1048576K
}
Event: 36.211 GC heap before
{Heap before GC invocations=66 (full 3):
 PSYoungGen      total 19968K, used 19872K [0x00000000d5580000, 0x00000000d6a00000, 0x0000000100000000)
  eden space 19456K, 100% used [0x00000000d5580000,0x00000000d6880000,0x00000000d6880000)
  from space 512K, 81% used [0x00000000d6980000,0x00000000d69e8000,0x00000000d6a00000)
  to   space 512K, 0% used [0x00000000d6900000,0x00000000d6900000,0x00000000d6980000)
 ParOldGen       total 72192K, used 72035K [0x0000000080000000, 0x0000000084680000, 0x00000000d5580000)
  object space 72192K, 99% used [0x0000000080000000,0x0000000084658f58,0x0000000084680000)
 Metaspace       used 64546K, committed 65984K, reserved 1114112K
  class space    used 6949K, committed 7552K, reserved 1048576K
}
Event: 36.212 GC heap after
{Heap after GC invocations=66 (full 3):
 PSYoungGen      total 19968K, used 384K [0x00000000d5580000, 0x00000000d6a00000, 0x0000000100000000)
  eden space 19456K, 0% used [0x00000000d5580000,0x00000000d5580000,0x00000000d6880000)
  from space 512K, 75% used [0x00000000d6900000,0x00000000d6960000,0x00000000d6980000)
  to   space 512K, 0% used [0x00000000d6980000,0x00000000d6980000,0x00000000d6a00000)
 ParOldGen       total 72704K, used 72291K [0x0000000080000000, 0x0000000084700000, 0x00000000d5580000)
  object space 72704K, 99% used [0x0000000080000000,0x0000000084698f58,0x0000000084700000)
 Metaspace       used 64546K, committed 65984K, reserved 1114112K
  class space    used 6949K, committed 7552K, reserved 1048576K
}
Event: 36.245 GC heap before
{Heap before GC invocations=67 (full 3):
 PSYoungGen      total 19968K, used 19840K [0x00000000d5580000, 0x00000000d6a00000, 0x0000000100000000)
  eden space 19456K, 100% used [0x00000000d5580000,0x00000000d6880000,0x00000000d6880000)
  from space 512K, 75% used [0x00000000d6900000,0x00000000d6960000,0x00000000d6980000)
  to   space 512K, 0% used [0x00000000d6980000,0x00000000d6980000,0x00000000d6a00000)
 ParOldGen       total 72704K, used 72291K [0x0000000080000000, 0x0000000084700000, 0x00000000d5580000)
  object space 72704K, 99% used [0x0000000080000000,0x0000000084698f58,0x0000000084700000)
 Metaspace       used 64557K, committed 65984K, reserved 1114112K
  class space    used 6949K, committed 7552K, reserved 1048576K
}
Event: 36.246 GC heap after
{Heap after GC invocations=67 (full 3):
 PSYoungGen      total 19968K, used 470K [0x00000000d5580000, 0x00000000d6a00000, 0x0000000100000000)
  eden space 19456K, 0% used [0x00000000d5580000,0x00000000d5580000,0x00000000d6880000)
  from space 512K, 91% used [0x00000000d6980000,0x00000000d69f5960,0x00000000d6a00000)
  to   space 512K, 0% used [0x00000000d6900000,0x00000000d6900000,0x00000000d6980000)
 ParOldGen       total 72704K, used 72546K [0x0000000080000000, 0x0000000084700000, 0x00000000d5580000)
  object space 72704K, 99% used [0x0000000080000000,0x00000000846d8b50,0x0000000084700000)
 Metaspace       used 64557K, committed 65984K, reserved 1114112K
  class space    used 6949K, committed 7552K, reserved 1048576K
}
Event: 36.413 GC heap before
{Heap before GC invocations=68 (full 3):
 PSYoungGen      total 19968K, used 19926K [0x00000000d5580000, 0x00000000d6a00000, 0x0000000100000000)
  eden space 19456K, 100% used [0x00000000d5580000,0x00000000d6880000,0x00000000d6880000)
  from space 512K, 91% used [0x00000000d6980000,0x00000000d69f5960,0x00000000d6a00000)
  to   space 512K, 0% used [0x00000000d6900000,0x00000000d6900000,0x00000000d6980000)
 ParOldGen       total 72704K, used 72546K [0x0000000080000000, 0x0000000084700000, 0x00000000d5580000)
  object space 72704K, 99% used [0x0000000080000000,0x00000000846d8b50,0x0000000084700000)
 Metaspace       used 64562K, committed 65984K, reserved 1114112K
  class space    used 6949K, committed 7552K, reserved 1048576K
}
Event: 36.415 GC heap after
{Heap after GC invocations=68 (full 3):
 PSYoungGen      total 19968K, used 484K [0x00000000d5580000, 0x00000000d6a80000, 0x0000000100000000)
  eden space 19456K, 0% used [0x00000000d5580000,0x00000000d5580000,0x00000000d6880000)
  from space 512K, 94% used [0x00000000d6900000,0x00000000d69791e0,0x00000000d6980000)
  to   space 1024K, 0% used [0x00000000d6980000,0x00000000d6980000,0x00000000d6a80000)
 ParOldGen       total 73216K, used 72850K [0x0000000080000000, 0x0000000084780000, 0x00000000d5580000)
  object space 73216K, 99% used [0x0000000080000000,0x0000000084724b50,0x0000000084780000)
 Metaspace       used 64562K, committed 65984K, reserved 1114112K
  class space    used 6949K, committed 7552K, reserved 1048576K
}
Event: 36.756 GC heap before
{Heap before GC invocations=69 (full 3):
 PSYoungGen      total 19968K, used 19940K [0x00000000d5580000, 0x00000000d6a80000, 0x0000000100000000)
  eden space 19456K, 100% used [0x00000000d5580000,0x00000000d6880000,0x00000000d6880000)
  from space 512K, 94% used [0x00000000d6900000,0x00000000d69791e0,0x00000000d6980000)
  to   space 1024K, 0% used [0x00000000d6980000,0x00000000d6980000,0x00000000d6a80000)
 ParOldGen       total 73216K, used 72850K [0x0000000080000000, 0x0000000084780000, 0x00000000d5580000)
  object space 73216K, 99% used [0x0000000080000000,0x0000000084724b50,0x0000000084780000)
 Metaspace       used 64576K, committed 65984K, reserved 1114112K
  class space    used 6950K, committed 7552K, reserved 1048576K
}
Event: 36.758 GC heap after
{Heap after GC invocations=69 (full 3):
 PSYoungGen      total 20480K, used 562K [0x00000000d5580000, 0x00000000d6a80000, 0x0000000100000000)
  eden space 19456K, 0% used [0x00000000d5580000,0x00000000d5580000,0x00000000d6880000)
  from space 1024K, 54% used [0x00000000d6980000,0x00000000d6a0cb20,0x00000000d6a80000)
  to   space 1024K, 0% used [0x00000000d6880000,0x00000000d6880000,0x00000000d6980000)
 ParOldGen       total 74752K, used 74088K [0x0000000080000000, 0x0000000084900000, 0x00000000d5580000)
  object space 74752K, 99% used [0x0000000080000000,0x000000008485a330,0x0000000084900000)
 Metaspace       used 64576K, committed 65984K, reserved 1114112K
  class space    used 6950K, committed 7552K, reserved 1048576K
}
Event: 37.894 GC heap before
{Heap before GC invocations=70 (full 3):
 PSYoungGen      total 20480K, used 20018K [0x00000000d5580000, 0x00000000d6a80000, 0x0000000100000000)
  eden space 19456K, 100% used [0x00000000d5580000,0x00000000d6880000,0x00000000d6880000)
  from space 1024K, 54% used [0x00000000d6980000,0x00000000d6a0cb20,0x00000000d6a80000)
  to   space 1024K, 0% used [0x00000000d6880000,0x00000000d6880000,0x00000000d6980000)
 ParOldGen       total 74752K, used 74088K [0x0000000080000000, 0x0000000084900000, 0x00000000d5580000)
  object space 74752K, 99% used [0x0000000080000000,0x000000008485a330,0x0000000084900000)
 Metaspace       used 64579K, committed 65984K, reserved 1114112K
  class space    used 6950K, committed 7552K, reserved 1048576K
}
Event: 37.895 GC heap after
{Heap after GC invocations=70 (full 3):
 PSYoungGen      total 20480K, used 575K [0x00000000d5580000, 0x00000000d6a80000, 0x0000000100000000)
  eden space 19456K, 0% used [0x00000000d5580000,0x00000000d5580000,0x00000000d6880000)
  from space 1024K, 56% used [0x00000000d6880000,0x00000000d690ffa0,0x00000000d6980000)
  to   space 1024K, 0% used [0x00000000d6980000,0x00000000d6980000,0x00000000d6a80000)
 ParOldGen       total 74752K, used 74509K [0x0000000080000000, 0x0000000084900000, 0x00000000d5580000)
  object space 74752K, 99% used [0x0000000080000000,0x00000000848c3788,0x0000000084900000)
 Metaspace       used 64579K, committed 65984K, reserved 1114112K
  class space    used 6950K, committed 7552K, reserved 1048576K
}
Event: 37.943 GC heap before
{Heap before GC invocations=71 (full 3):
 PSYoungGen      total 20480K, used 20031K [0x00000000d5580000, 0x00000000d6a80000, 0x0000000100000000)
  eden space 19456K, 100% used [0x00000000d5580000,0x00000000d6880000,0x00000000d6880000)
  from space 1024K, 56% used [0x00000000d6880000,0x00000000d690ffa0,0x00000000d6980000)
  to   space 1024K, 0% used [0x00000000d6980000,0x00000000d6980000,0x00000000d6a80000)
 ParOldGen       total 74752K, used 74509K [0x0000000080000000, 0x0000000084900000, 0x00000000d5580000)
  object space 74752K, 99% used [0x0000000080000000,0x00000000848c3788,0x0000000084900000)
 Metaspace       used 64584K, committed 65984K, reserved 1114112K
  class space    used 6950K, committed 7552K, reserved 1048576K
}
Event: 37.944 GC heap after
{Heap after GC invocations=71 (full 3):
 PSYoungGen      total 20480K, used 600K [0x00000000d5580000, 0x00000000d6a80000, 0x0000000100000000)
  eden space 19456K, 0% used [0x00000000d5580000,0x00000000d5580000,0x00000000d6880000)
  from space 1024K, 58% used [0x00000000d6980000,0x00000000d6a160a8,0x00000000d6a80000)
  to   space 1024K, 0% used [0x00000000d6880000,0x00000000d6880000,0x00000000d6980000)
 ParOldGen       total 75264K, used 74828K [0x0000000080000000, 0x0000000084980000, 0x00000000d5580000)
  object space 75264K, 99% used [0x0000000080000000,0x00000000849131f8,0x0000000084980000)
 Metaspace       used 64584K, committed 65984K, reserved 1114112K
  class space    used 6950K, committed 7552K, reserved 1048576K
}
Event: 38.172 GC heap before
{Heap before GC invocations=72 (full 3):
 PSYoungGen      total 20480K, used 20056K [0x00000000d5580000, 0x00000000d6a80000, 0x0000000100000000)
  eden space 19456K, 100% used [0x00000000d5580000,0x00000000d6880000,0x00000000d6880000)
  from space 1024K, 58% used [0x00000000d6980000,0x00000000d6a160a8,0x00000000d6a80000)
  to   space 1024K, 0% used [0x00000000d6880000,0x00000000d6880000,0x00000000d6980000)
 ParOldGen       total 75264K, used 74828K [0x0000000080000000, 0x0000000084980000, 0x00000000d5580000)
  object space 75264K, 99% used [0x0000000080000000,0x00000000849131f8,0x0000000084980000)
 Metaspace       used 65578K, committed 67008K, reserved 1114112K
  class space    used 7053K, committed 7680K, reserved 1048576K
}
Event: 38.174 GC heap after
{Heap after GC invocations=72 (full 3):
 PSYoungGen      total 20480K, used 1018K [0x00000000d5580000, 0x00000000d6c80000, 0x0000000100000000)
  eden space 19456K, 0% used [0x00000000d5580000,0x00000000d5580000,0x00000000d6880000)
  from space 1024K, 99% used [0x00000000d6880000,0x00000000d697e878,0x00000000d6980000)
  to   space 2048K, 0% used [0x00000000d6a80000,0x00000000d6a80000,0x00000000d6c80000)
 ParOldGen       total 75776K, used 75636K [0x0000000080000000, 0x0000000084a00000, 0x00000000d5580000)
  object space 75776K, 99% used [0x0000000080000000,0x00000000849dd2a0,0x0000000084a00000)
 Metaspace       used 65578K, committed 67008K, reserved 1114112K
  class space    used 7053K, committed 7680K, reserved 1048576K
}
Event: 38.914 GC heap before
{Heap before GC invocations=73 (full 3):
 PSYoungGen      total 20480K, used 20474K [0x00000000d5580000, 0x00000000d6c80000, 0x0000000100000000)
  eden space 19456K, 100% used [0x00000000d5580000,0x00000000d6880000,0x00000000d6880000)
  from space 1024K, 99% used [0x00000000d6880000,0x00000000d697e878,0x00000000d6980000)
  to   space 2048K, 0% used [0x00000000d6a80000,0x00000000d6a80000,0x00000000d6c80000)
 ParOldGen       total 75776K, used 75636K [0x0000000080000000, 0x0000000084a00000, 0x00000000d5580000)
  object space 75776K, 99% used [0x0000000080000000,0x00000000849dd2a0,0x0000000084a00000)
 Metaspace       used 66153K, committed 67648K, reserved 1114112K
  class space    used 7098K, committed 7744K, reserved 1048576K
}
Event: 38.917 GC heap after
{Heap after GC invocations=73 (full 3):
 PSYoungGen      total 20480K, used 992K [0x00000000d5580000, 0x00000000d6b80000, 0x0000000100000000)
  eden space 19456K, 0% used [0x00000000d5580000,0x00000000d5580000,0x00000000d6880000)
  from space 1024K, 96% used [0x00000000d6a80000,0x00000000d6b78000,0x00000000d6b80000)
  to   space 1536K, 0% used [0x00000000d6880000,0x00000000d6880000,0x00000000d6a00000)
 ParOldGen       total 76800K, used 76575K [0x0000000080000000, 0x0000000084b00000, 0x00000000d5580000)
  object space 76800K, 99% used [0x0000000080000000,0x0000000084ac7fc0,0x0000000084b00000)
 Metaspace       used 66153K, committed 67648K, reserved 1114112K
  class space    used 7098K, committed 7744K, reserved 1048576K
}
Event: 39.445 GC heap before
{Heap before GC invocations=74 (full 3):
 PSYoungGen      total 20480K, used 20448K [0x00000000d5580000, 0x00000000d6b80000, 0x0000000100000000)
  eden space 19456K, 100% used [0x00000000d5580000,0x00000000d6880000,0x00000000d6880000)
  from space 1024K, 96% used [0x00000000d6a80000,0x00000000d6b78000,0x00000000d6b80000)
  to   space 1536K, 0% used [0x00000000d6880000,0x00000000d6880000,0x00000000d6a00000)
 ParOldGen       total 76800K, used 76575K [0x0000000080000000, 0x0000000084b00000, 0x00000000d5580000)
  object space 76800K, 99% used [0x0000000080000000,0x0000000084ac7fc0,0x0000000084b00000)
 Metaspace       used 67616K, committed 69120K, reserved 1114112K
  class space    used 7229K, committed 7872K, reserved 1048576K
}
Event: 39.448 GC heap after
{Heap after GC invocations=74 (full 3):
 PSYoungGen      total 20992K, used 1522K [0x00000000d5580000, 0x00000000d7080000, 0x0000000100000000)
  eden space 19456K, 0% used [0x00000000d5580000,0x00000000d5580000,0x00000000d6880000)
  from space 1536K, 99% used [0x00000000d6880000,0x00000000d69fc880,0x00000000d6a00000)
  to   space 4096K, 0% used [0x00000000d6c80000,0x00000000d6c80000,0x00000000d7080000)
 ParOldGen       total 78336K, used 78252K [0x0000000080000000, 0x0000000084c80000, 0x00000000d5580000)
  object space 78336K, 99% used [0x0000000080000000,0x0000000084c6b190,0x0000000084c80000)
 Metaspace       used 67616K, committed 69120K, reserved 1114112K
  class space    used 7229K, committed 7872K, reserved 1048576K
}

